Using pre-set license
Built from '2022.3/staging' branch; Version is '2022.3.11f1 (d00248457e15) revision 13632072'; Using compiler version '192829333'; Build Type 'Release'
OS: 'Windows 11  (10.0.22631) 64bit CoreSingleLanguage' Language: 'es' Physical Memory: 15731 MB
BatchMode: 1, IsHumanControllingUs: 0, StartBugReporterOnCrash: 0, Is64bit: 1, IsPro: 1

COMMAND LINE ARGUMENTS:
C:\Program Files\Unity\Hub\Editor\2022.3.11f1\Editor\Unity.exe
-adb2
-batchMode
-noUpm
-name
AssetImportWorker1
-projectPath
C:/Users/fredd/Documents/NetBots/BotNet
-logFile
Logs/AssetImportWorker1.log
-srvPort
50702
Successfully changed project path to: C:/Users/fredd/Documents/NetBots/BotNet
C:/Users/fredd/Documents/NetBots/BotNet
[UnityMemory] Configuration Parameters - Can be set up in boot.config
    "memorysetup-bucket-allocator-granularity=16"
    "memorysetup-bucket-allocator-bucket-count=8"
    "memorysetup-bucket-allocator-block-size=33554432"
    "memorysetup-bucket-allocator-block-count=8"
    "memorysetup-main-allocator-block-size=16777216"
    "memorysetup-thread-allocator-block-size=16777216"
    "memorysetup-gfx-main-allocator-block-size=16777216"
    "memorysetup-gfx-thread-allocator-block-size=16777216"
    "memorysetup-cache-allocator-block-size=4194304"
    "memorysetup-typetree-allocator-block-size=2097152"
    "memorysetup-profiler-bucket-allocator-granularity=16"
    "memorysetup-profiler-bucket-allocator-bucket-count=8"
    "memorysetup-profiler-bucket-allocator-block-size=33554432"
    "memorysetup-profiler-bucket-allocator-block-count=8"
    "memorysetup-profiler-allocator-block-size=16777216"
    "memorysetup-profiler-editor-allocator-block-size=1048576"
    "memorysetup-temp-allocator-size-main=16777216"
    "memorysetup-job-temp-allocator-block-size=2097152"
    "memorysetup-job-temp-allocator-block-size-background=1048576"
    "memorysetup-job-temp-allocator-reduction-small-platforms=262144"
    "memorysetup-allocator-temp-initial-block-size-main=262144"
    "memorysetup-allocator-temp-initial-block-size-worker=262144"
    "memorysetup-temp-allocator-size-background-worker=32768"
    "memorysetup-temp-allocator-size-job-worker=262144"
    "memorysetup-temp-allocator-size-preload-manager=33554432"
    "memorysetup-temp-allocator-size-nav-mesh-worker=65536"
    "memorysetup-temp-allocator-size-audio-worker=65536"
    "memorysetup-temp-allocator-size-cloud-worker=32768"
    "memorysetup-temp-allocator-size-gi-baking-worker=262144"
    "memorysetup-temp-allocator-size-gfx=262144"
Player connection [22088] Host "[IP] 192.168.1.6 [Port] 0 [Flags] 2 [Guid] 3032782129 [EditorId] 3032782129 [Version] 1048832 [Id] WindowsEditor(7,Fred_PC) [Debug] 1 [PackageName] WindowsEditor [ProjectName] Editor" joined multi-casting on [225.0.0.222:54997]...

Player connection [22088] Host "[IP] 192.168.1.6 [Port] 0 [Flags] 2 [Guid] 3032782129 [EditorId] 3032782129 [Version] 1048832 [Id] WindowsEditor(7,Fred_PC) [Debug] 1 [PackageName] WindowsEditor [ProjectName] Editor" joined alternative multi-casting on [225.0.0.222:34997]...

[Physics::Module] Initialized MultithreadedJobDispatcher with 11 workers.
Refreshing native plugins compatible for Editor in 32.98 ms, found 3 plugins.
Preloading 0 native plugins for Editor in 0.00 ms.
Initialize engine version: 2022.3.11f1 (d00248457e15)
[Subsystems] Discovering subsystems at path C:/Program Files/Unity/Hub/Editor/2022.3.11f1/Editor/Data/Resources/UnitySubsystems
[Subsystems] Discovering subsystems at path C:/Users/fredd/Documents/NetBots/BotNet/Assets
GfxDevice: creating device client; threaded=0; jobified=0
Direct3D:
    Version:  Direct3D 11.0 [level 11.1]
    Renderer: NVIDIA GeForce GTX 1650 Ti (ID=0x1f95)
    Vendor:   NVIDIA
    VRAM:     3935 MB
    Driver:   32.0.15.5599
Initialize mono
Mono path[0] = 'C:/Program Files/Unity/Hub/Editor/2022.3.11f1/Editor/Data/Managed'
Mono path[1] = 'C:/Program Files/Unity/Hub/Editor/2022.3.11f1/Editor/Data/MonoBleedingEdge/lib/mono/unityjit-win32'
Mono config path = 'C:/Program Files/Unity/Hub/Editor/2022.3.11f1/Editor/Data/MonoBleedingEdge/etc'
Using monoOptions --debugger-agent=transport=dt_socket,embedding=1,server=y,suspend=n,address=127.0.0.1:56612
Begin MonoManager ReloadAssembly
Registering precompiled unity dll's ...
Register platform support module: C:/Program Files/Unity/Hub/Editor/2022.3.11f1/Editor/Data/PlaybackEngines/WebGLSupport/UnityEditor.WebGL.Extensions.dll
Register platform support module: C:/Program Files/Unity/Hub/Editor/2022.3.11f1/Editor/Data/PlaybackEngines/AndroidPlayer/UnityEditor.Android.Extensions.dll
Register platform support module: C:/Program Files/Unity/Hub/Editor/2022.3.11f1/Editor/Data/PlaybackEngines/iOSSupport/UnityEditor.iOS.Extensions.dll
Register platform support module: C:/Program Files/Unity/Hub/Editor/2022.3.11f1/Editor/Data/PlaybackEngines/WindowsStandaloneSupport/UnityEditor.WindowsStandalone.Extensions.dll
Registered in 0.073959 seconds.
- Loaded All Assemblies, in  0.784 seconds
Native extension for WindowsStandalone target not found
[usbmuxd] Start listen thread
[usbmuxd] Listen thread started
[usbmuxd] Send listen message
Native extension for iOS target not found
Native extension for Android target not found
InvalidOperationException: Cannot start process because a file name has not been provided.
  at System.Diagnostics.Process.Start () [0x00024] in <36d5d97f0e39429283d80156f1c7f1fc>:0 
  at (wrapper remoting-invoke-with-check) System.Diagnostics.Process.Start()
  at UnityEditor.Android.ProgramAsShellExecute.Start (System.Diagnostics.ProcessStartInfo psi) [0x0000e] in <d10267f7623440f4993bb84654a34a85>:0 
  at UnityEditor.Android.Command.RunWithShellExecute (System.String command, System.String args, System.String workingdir, System.String errorMsg) [0x0003e] in <d10267f7623440f4993bb84654a34a85>:0 
  at UnityEditor.Android.ADB.StartServer () [0x00013] in <d10267f7623440f4993bb84654a34a85>:0 
  at UnityEditor.Android.ADB.Run (System.String[] command, UnityEditor.Android.Command+WaitingForProcessToExit waitingForProcessToExit, System.String errorMsg) [0x0000b] in <d10267f7623440f4993bb84654a34a85>:0 
  at UnityEditor.Android.AndroidDeploymentTargetsExtension.GetKnownTargets (UnityEditor.DeploymentTargets.IDeploymentTargetsMainThreadContext context, UnityEditor.ProgressHandler progressHandler) [0x00284] in <d10267f7623440f4993bb84654a34a85>:0 
  at UnityEditor.Android.TargetScanWorker.ScanSync () [0x00039] in <d10267f7623440f4993bb84654a34a85>:0 
  at UnityEditor.Android.TargetExtension.OnUsbDevicesChanged (UnityEditor.Hardware.UsbDevice[] usbDevices) [0x00081] in <d10267f7623440f4993bb84654a34a85>:0 
  at UnityEditor.Android.TargetExtension.OnLoad () [0x000ad] in <d10267f7623440f4993bb84654a34a85>:0 
  at UnityEditor.Modules.ModuleManager.InitializePlatformSupportModules () [0x0009d] in <9920ff0c944845d7b9f9a61ef1478edc>:0 

Mono: successfully reloaded assembly
- Finished resetting the current domain, in  0.556 seconds
Domain Reload Profiling: 1327ms
	BeginReloadAssembly (246ms)
		ExecutionOrderSort (0ms)
		DisableScriptedObjects (0ms)
		BackupInstance (0ms)
		ReleaseScriptingObjects (0ms)
		CreateAndSetChildDomain (1ms)
	RebuildCommonClasses (52ms)
	RebuildNativeTypeToScriptingClass (15ms)
	initialDomainReloadingComplete (186ms)
	LoadAllAssembliesAndSetupDomain (271ms)
		LoadAssemblies (241ms)
		RebuildTransferFunctionScriptingTraits (0ms)
		AnalyzeDomain (259ms)
			TypeCache.Refresh (257ms)
				TypeCache.ScanAssembly (238ms)
			ScanForSourceGeneratedMonoScriptInfo (0ms)
			ResolveRequiredComponents (1ms)
	FinalizeReload (556ms)
		ReleaseScriptCaches (0ms)
		RebuildScriptCaches (0ms)
		SetupLoadedEditorAssemblies (461ms)
			LogAssemblyErrors (0ms)
			InitializePlatformSupportModulesInManaged (211ms)
			SetLoadedEditorAssemblies (8ms)
			RefreshPlugins (0ms)
			BeforeProcessingInitializeOnLoad (3ms)
			ProcessInitializeOnLoadAttributes (166ms)
			ProcessInitializeOnLoadMethodAttributes (73ms)
			AfterProcessingInitializeOnLoad (0ms)
			EditorAssembliesLoaded (0ms)
		ExecutionOrderSort2 (0ms)
		AwakeInstancesAfterBackupRestoration (0ms)
========================================================================
Worker process is ready to serve import requests
Begin MonoManager ReloadAssembly
- Loaded All Assemblies, in  1.519 seconds
Refreshing native plugins compatible for Editor in 16.21 ms, found 3 plugins.
Native extension for WindowsStandalone target not found
Native extension for iOS target not found
Native extension for Android target not found
Native extension for WebGL target not found
Package Manager log level set to [2]
[Package Manager] Server::EnsureServerProcessIsRunning -- launch failed, reason: Unity was launched with the -noUpm command-line argument
[Package Manager] UpmClient::Send -- Unable to send message (not connected to UPM process).
[Package Manager] Cannot connect to Unity Package Manager local server
Mono: successfully reloaded assembly
- Finished resetting the current domain, in  1.255 seconds
Domain Reload Profiling: 2746ms
	BeginReloadAssembly (342ms)
		ExecutionOrderSort (0ms)
		DisableScriptedObjects (7ms)
		BackupInstance (0ms)
		ReleaseScriptingObjects (0ms)
		CreateAndSetChildDomain (33ms)
	RebuildCommonClasses (55ms)
	RebuildNativeTypeToScriptingClass (12ms)
	initialDomainReloadingComplete (114ms)
	LoadAllAssembliesAndSetupDomain (966ms)
		LoadAssemblies (919ms)
		RebuildTransferFunctionScriptingTraits (0ms)
		AnalyzeDomain (281ms)
			TypeCache.Refresh (240ms)
				TypeCache.ScanAssembly (218ms)
			ScanForSourceGeneratedMonoScriptInfo (21ms)
			ResolveRequiredComponents (16ms)
	FinalizeReload (1256ms)
		ReleaseScriptCaches (0ms)
		RebuildScriptCaches (0ms)
		SetupLoadedEditorAssemblies (1000ms)
			LogAssemblyErrors (0ms)
			InitializePlatformSupportModulesInManaged (134ms)
			SetLoadedEditorAssemblies (7ms)
			RefreshPlugins (0ms)
			BeforeProcessingInitializeOnLoad (217ms)
			ProcessInitializeOnLoadAttributes (556ms)
			ProcessInitializeOnLoadMethodAttributes (39ms)
			AfterProcessingInitializeOnLoad (46ms)
			EditorAssembliesLoaded (0ms)
		ExecutionOrderSort2 (0ms)
		AwakeInstancesAfterBackupRestoration (17ms)
Launched and connected shader compiler UnityShaderCompiler.exe after 0.06 seconds
Refreshing native plugins compatible for Editor in 23.40 ms, found 3 plugins.
Preloading 0 native plugins for Editor in 0.00 ms.
Unloading 3263 Unused Serialized files (Serialized files now loaded: 0)
Unloading 39 unused Assets / (0.8 MB). Loaded Objects now: 3744.
Memory consumption went from 156.1 MB to 155.3 MB.
Total: 8.329500 ms (FindLiveObjects: 0.567300 ms CreateObjectMapping: 0.362500 ms MarkObjects: 6.921800 ms  DeleteObjects: 0.475000 ms)

AssetImportParameters requested are different than current active one (requested -> active):
  custom:container-demuxer-ogg: 62fdf1f143b41e24485cea50d1cbac27 -> 
  custom:video-codec-MediaFoundation-h265: 746d11721c4dcdbdad8f713fa42b33f4 -> 
  custom:video-decoder-ogg-theora: a1e56fd34408186e4bbccfd4996cb3dc -> 
  custom:framework-win-MediaFoundation: 216162199b28c13a410421893ffa2e32 -> 
  custom:container-demuxer-webm: 4f35f7cbe854078d1ac9338744f61a02 -> 
  custom:container-muxer-webm: aa71ff27fc2769a1b78a27578f13a17b -> 
  custom:video-decoder-webm-vp8: 9c59270c3fd7afecdb556c50c9e8de78 -> 
  custom:AudioImporter_EditorPlatform: d09bf68614088b80899f8185d706f6e7 -> 
  custom:video-encoder-webm-vp8: eb34c28f22e8b96e1ab97ce403110664 -> 
  custom:audio-decoder-ogg-vorbis: bf7c407c2cedff20999df2af8eb42d56 -> 
  custom:audio-encoder-webm-vorbis: bf7c407c2cedff20999df2af8eb42d56 -> 
========================================================================
Received Import Request.
  Time since last request: 40392.304312 seconds.
  path: Assets/Effects/anomalias.mp4
  artifactKey: Guid(4fc70d10ee1e5cc42951c1b9ec2081ce) Importer(815301076,1909f56bfc062723c751e8b465ee728b)
Start importing Assets/Effects/anomalias.mp4 using Guid(4fc70d10ee1e5cc42951c1b9ec2081ce) Importer(815301076,1909f56bfc062723c751e8b465ee728b)  -> (artifact id: 'b31779030486ba2984bb8b068ec211bb') in 0.033440 seconds
Number of updated asset objects reloaded before import = 0
Number of asset objects unloaded after import = 1
========================================================================
Received Prepare
Refreshing native plugins compatible for Editor in 20.92 ms, found 3 plugins.
Preloading 0 native plugins for Editor in 0.00 ms.
Unloading 5 Unused Serialized files (Serialized files now loaded: 0)
Unloading 8 unused Assets / (0.8 MB). Loaded Objects now: 3745.
Memory consumption went from 96.8 MB to 96.0 MB.
Total: 5.532100 ms (FindLiveObjects: 0.317400 ms CreateObjectMapping: 0.140100 ms MarkObjects: 4.675500 ms  DeleteObjects: 0.396800 ms)

Prepare: number of updated asset objects reloaded= 0
AssetImportParameters requested are different than current active one (requested -> active):
  custom:container-demuxer-ogg: 62fdf1f143b41e24485cea50d1cbac27 -> 
  custom:video-codec-MediaFoundation-h265: 746d11721c4dcdbdad8f713fa42b33f4 -> 
  custom:video-decoder-ogg-theora: a1e56fd34408186e4bbccfd4996cb3dc -> 
  custom:framework-win-MediaFoundation: 216162199b28c13a410421893ffa2e32 -> 
  custom:CustomObjectIndexerAttribute: 756ad292c208cfabdd7b50bc23989ffe -> 
  custom:container-demuxer-webm: 4f35f7cbe854078d1ac9338744f61a02 -> 
  custom:container-muxer-webm: aa71ff27fc2769a1b78a27578f13a17b -> 
  custom:video-decoder-webm-vp8: 9c59270c3fd7afecdb556c50c9e8de78 -> 
  custom:SearchIndexIgnoredProperties: e643bd26f0fe6173181afceb89e7c659 -> 
  custom:AudioImporter_EditorPlatform: d09bf68614088b80899f8185d706f6e7 -> 
  custom:video-encoder-webm-vp8: eb34c28f22e8b96e1ab97ce403110664 -> 
  custom:audio-decoder-ogg-vorbis: bf7c407c2cedff20999df2af8eb42d56 -> 
  custom:audio-encoder-webm-vorbis: bf7c407c2cedff20999df2af8eb42d56 -> 
========================================================================
Received Import Request.
  Time since last request: 453.725136 seconds.
  path: Assets/PolygonBattleRoyale/Models/FX_Bullet_Trail.fbx
  artifactKey: Guid(91319d540e88354488b665f7aeab322e) Importer(815301076,1909f56bfc062723c751e8b465ee728b)
Start importing Assets/PolygonBattleRoyale/Models/FX_Bullet_Trail.fbx using Guid(91319d540e88354488b665f7aeab322e) Importer(815301076,1909f56bfc062723c751e8b465ee728b)  -> (artifact id: 'c33e0278319d84990047011c5862b8e0') in 0.150558 seconds
Number of updated asset objects reloaded before import = 0
Number of asset objects unloaded after import = 9
========================================================================
Received Import Request.
  Time since last request: 0.000039 seconds.
  path: Assets/PolygonBattleRoyale/Models/SM_Chr_Attach_Hat_Cap_01.fbx
  artifactKey: Guid(6a41033f96ab78c4eb9c3b8c0fd56e3e) Importer(815301076,1909f56bfc062723c751e8b465ee728b)
Start importing Assets/PolygonBattleRoyale/Models/SM_Chr_Attach_Hat_Cap_01.fbx using Guid(6a41033f96ab78c4eb9c3b8c0fd56e3e) Importer(815301076,1909f56bfc062723c751e8b465ee728b)  -> (artifact id: '84cc8cf11156740db19ebf41701ab099') in 0.016233 seconds
Number of updated asset objects reloaded before import = 0
Number of asset objects unloaded after import = 7
========================================================================
Received Import Request.
  Time since last request: 0.000774 seconds.
  path: Assets/PolygonBattleRoyale/Models/SM_Bld_WoodenShack_01.fbx
  artifactKey: Guid(9078fad21019e0141bb2fe97b2b0e0b9) Importer(815301076,1909f56bfc062723c751e8b465ee728b)
Start importing Assets/PolygonBattleRoyale/Models/SM_Bld_WoodenShack_01.fbx using Guid(9078fad21019e0141bb2fe97b2b0e0b9) Importer(815301076,1909f56bfc062723c751e8b465ee728b)  -> (artifact id: 'fe5e13008300c8455b0457b77635c1c4') in 0.018101 seconds
Number of updated asset objects reloaded before import = 0
Number of asset objects unloaded after import = 7
========================================================================
Received Import Request.
  Time since last request: 0.000834 seconds.
  path: Assets/PolygonBattleRoyale/Models/SM_Chr_Attach_Facemask_02.fbx
  artifactKey: Guid(34ebfc6862179cd4db7827a5c8d86e76) Importer(815301076,1909f56bfc062723c751e8b465ee728b)
Start importing Assets/PolygonBattleRoyale/Models/SM_Chr_Attach_Facemask_02.fbx using Guid(34ebfc6862179cd4db7827a5c8d86e76) Importer(815301076,1909f56bfc062723c751e8b465ee728b)  -> (artifact id: 'f5f4c0361a29242a3136e90af874b0f5') in 0.018375 seconds
Number of updated asset objects reloaded before import = 0
Number of asset objects unloaded after import = 7
========================================================================
Received Import Request.
  Time since last request: 0.001063 seconds.
  path: Assets/PolygonBattleRoyale/Models/SM_Chr_Attach_Hat_Bandana_01.fbx
  artifactKey: Guid(d6fc6b2d1584f1d47b74587e7a1204f5) Importer(815301076,1909f56bfc062723c751e8b465ee728b)
Start importing Assets/PolygonBattleRoyale/Models/SM_Chr_Attach_Hat_Bandana_01.fbx using Guid(d6fc6b2d1584f1d47b74587e7a1204f5) Importer(815301076,1909f56bfc062723c751e8b465ee728b)  -> (artifact id: '7060f579bb199e3090c5e8be18880c13') in 0.014697 seconds
Number of updated asset objects reloaded before import = 0
Number of asset objects unloaded after import = 7
========================================================================
Received Import Request.
  Time since last request: 0.000917 seconds.
  path: Assets/PolygonBattleRoyale/Models/SM_Chr_Attach_Beard_02.fbx
  artifactKey: Guid(5b0b4402694aa2b4186d1b6094658ba6) Importer(815301076,1909f56bfc062723c751e8b465ee728b)
Start importing Assets/PolygonBattleRoyale/Models/SM_Chr_Attach_Beard_02.fbx using Guid(5b0b4402694aa2b4186d1b6094658ba6) Importer(815301076,1909f56bfc062723c751e8b465ee728b)  -> (artifact id: 'bb2ad7c66198af2d98bb1e515f1daccc') in 0.016465 seconds
Number of updated asset objects reloaded before import = 0
Number of asset objects unloaded after import = 7
========================================================================
Received Import Request.
  Time since last request: 0.000715 seconds.
  path: Assets/PolygonBattleRoyale/Models/SM_Chr_Attach_Bedroll_01.fbx
  artifactKey: Guid(8044def7f2b040949ad328f8ac65e8f2) Importer(815301076,1909f56bfc062723c751e8b465ee728b)
Start importing Assets/PolygonBattleRoyale/Models/SM_Chr_Attach_Bedroll_01.fbx using Guid(8044def7f2b040949ad328f8ac65e8f2) Importer(815301076,1909f56bfc062723c751e8b465ee728b)  -> (artifact id: 'e8d5445145bef3aaff58186adbf6c9a7') in 0.015707 seconds
Number of updated asset objects reloaded before import = 0
Number of asset objects unloaded after import = 7
========================================================================
Received Import Request.
  Time since last request: 0.000916 seconds.
  path: Assets/PolygonBattleRoyale/Models/SM_Chr_Attach_Beard_07.fbx
  artifactKey: Guid(4631becc1c06884469acc8a4a697dd77) Importer(815301076,1909f56bfc062723c751e8b465ee728b)
Start importing Assets/PolygonBattleRoyale/Models/SM_Chr_Attach_Beard_07.fbx using Guid(4631becc1c06884469acc8a4a697dd77) Importer(815301076,1909f56bfc062723c751e8b465ee728b)  -> (artifact id: 'ed7d55850365ae08a01dfda11d8d04b8') in 0.017158 seconds
Number of updated asset objects reloaded before import = 0
Number of asset objects unloaded after import = 7
========================================================================
Received Import Request.
  Time since last request: 0.001701 seconds.
  path: Assets/PolygonBattleRoyale/Models/SM_Bld_House_02.fbx
  artifactKey: Guid(7d544dc08cd4dcc4e8329b1eb3d3260f) Importer(815301076,1909f56bfc062723c751e8b465ee728b)
Start importing Assets/PolygonBattleRoyale/Models/SM_Bld_House_02.fbx using Guid(7d544dc08cd4dcc4e8329b1eb3d3260f) Importer(815301076,1909f56bfc062723c751e8b465ee728b)  -> (artifact id: '17e993c994b1c5b7433d2cdb370a7eaf') in 0.053600 seconds
Number of updated asset objects reloaded before import = 0
Number of asset objects unloaded after import = 27
========================================================================
Received Import Request.
  Time since last request: 0.000771 seconds.
  path: Assets/PolygonBattleRoyale/Models/SM_Chr_Attach_Female_02.fbx
  artifactKey: Guid(4f13fb4a8bb13ba4882da650f22c91bb) Importer(815301076,1909f56bfc062723c751e8b465ee728b)
Start importing Assets/PolygonBattleRoyale/Models/SM_Chr_Attach_Female_02.fbx using Guid(4f13fb4a8bb13ba4882da650f22c91bb) Importer(815301076,1909f56bfc062723c751e8b465ee728b)  -> (artifact id: '8e46a53f870167dd0d8287bb69b34e7a') in 0.013319 seconds
Number of updated asset objects reloaded before import = 0
Number of asset objects unloaded after import = 7
========================================================================
Received Import Request.
  Time since last request: 0.001407 seconds.
  path: Assets/PolygonBattleRoyale/Models/SM_Chr_Attach_GasMask_01.fbx
  artifactKey: Guid(b2661c706fe5385429fea0535986fa75) Importer(815301076,1909f56bfc062723c751e8b465ee728b)
Start importing Assets/PolygonBattleRoyale/Models/SM_Chr_Attach_GasMask_01.fbx using Guid(b2661c706fe5385429fea0535986fa75) Importer(815301076,1909f56bfc062723c751e8b465ee728b)  -> (artifact id: 'ff98ab160b9c12c1c73e684747b75d92') in 0.019670 seconds
Number of updated asset objects reloaded before import = 0
Number of asset objects unloaded after import = 7
========================================================================
Received Import Request.
  Time since last request: 0.000791 seconds.
  path: Assets/PolygonBattleRoyale/Models/SM_Chr_Attach_Female_Hair_Pigtails_01.fbx
  artifactKey: Guid(c10770891c6b7614b89f637e2e0aacbe) Importer(815301076,1909f56bfc062723c751e8b465ee728b)
Start importing Assets/PolygonBattleRoyale/Models/SM_Chr_Attach_Female_Hair_Pigtails_01.fbx using Guid(c10770891c6b7614b89f637e2e0aacbe) Importer(815301076,1909f56bfc062723c751e8b465ee728b)  -> (artifact id: 'a2e21f81b6f914880064e35cbaec7c0a') in 0.014603 seconds
Number of updated asset objects reloaded before import = 0
Number of asset objects unloaded after import = 7
========================================================================
Received Import Request.
  Time since last request: 0.000624 seconds.
  path: Assets/PolygonBattleRoyale/Models/SM_Chr_Attach_Hat_Captian_01.fbx
  artifactKey: Guid(94c78e485402dc843a700e68d87737b8) Importer(815301076,1909f56bfc062723c751e8b465ee728b)
Start importing Assets/PolygonBattleRoyale/Models/SM_Chr_Attach_Hat_Captian_01.fbx using Guid(94c78e485402dc843a700e68d87737b8) Importer(815301076,1909f56bfc062723c751e8b465ee728b)  -> (artifact id: 'f24167a57c416485d4ff8598dbed1365') in 0.014098 seconds
Number of updated asset objects reloaded before import = 0
Number of asset objects unloaded after import = 7
========================================================================
Received Import Request.
  Time since last request: 0.000572 seconds.
  path: Assets/PolygonBattleRoyale/Models/SM_Chr_Attach_Facemask_03.fbx
  artifactKey: Guid(a07899f1d5f18554e80e600b7301781b) Importer(815301076,1909f56bfc062723c751e8b465ee728b)
Start importing Assets/PolygonBattleRoyale/Models/SM_Chr_Attach_Facemask_03.fbx using Guid(a07899f1d5f18554e80e600b7301781b) Importer(815301076,1909f56bfc062723c751e8b465ee728b)  -> (artifact id: 'f25e1849142826316787d20e7384d8b5') in 0.014599 seconds
Number of updated asset objects reloaded before import = 0
Number of asset objects unloaded after import = 7
========================================================================
Received Import Request.
  Time since last request: 0.000875 seconds.
  path: Assets/PolygonBattleRoyale/Models/SM_Chr_Attach_Hat_Beanie_01.fbx
  artifactKey: Guid(406dc60223847384fb357f568ed7c9d4) Importer(815301076,1909f56bfc062723c751e8b465ee728b)
Start importing Assets/PolygonBattleRoyale/Models/SM_Chr_Attach_Hat_Beanie_01.fbx using Guid(406dc60223847384fb357f568ed7c9d4) Importer(815301076,1909f56bfc062723c751e8b465ee728b)  -> (artifact id: '8a297ae6bdf8f37ebbc40358e70ea483') in 0.014469 seconds
Number of updated asset objects reloaded before import = 0
Number of asset objects unloaded after import = 7
========================================================================
Received Import Request.
  Time since last request: 0.000617 seconds.
  path: Assets/PolygonBattleRoyale/Models/SM_Chr_Attach_Earmuffs_01.fbx
  artifactKey: Guid(2fcf3878be85cb649a4e231cd64b01c2) Importer(815301076,1909f56bfc062723c751e8b465ee728b)
Start importing Assets/PolygonBattleRoyale/Models/SM_Chr_Attach_Earmuffs_01.fbx using Guid(2fcf3878be85cb649a4e231cd64b01c2) Importer(815301076,1909f56bfc062723c751e8b465ee728b)  -> (artifact id: '60ef2941546ad4b99091a423927085dc') in 0.018140 seconds
Number of updated asset objects reloaded before import = 0
Number of asset objects unloaded after import = 7
========================================================================
Received Import Request.
  Time since last request: 0.000557 seconds.
  path: Assets/PolygonBattleRoyale/Models/SM_Bld_SmallBuilding_03.fbx
  artifactKey: Guid(99db12fcf1eb82f46900e4fff2a71266) Importer(815301076,1909f56bfc062723c751e8b465ee728b)
Start importing Assets/PolygonBattleRoyale/Models/SM_Bld_SmallBuilding_03.fbx using Guid(99db12fcf1eb82f46900e4fff2a71266) Importer(815301076,1909f56bfc062723c751e8b465ee728b)  -> (artifact id: '90a241691fce723fd7fa14f552167ffb') in 0.057717 seconds
Number of updated asset objects reloaded before import = 0
Number of asset objects unloaded after import = 27
========================================================================
Received Import Request.
  Time since last request: 0.000425 seconds.
  path: Assets/PolygonBattleRoyale/Models/SM_Chr_Attach_Beard_06.fbx
  artifactKey: Guid(fa2376092f8167246a26214ab80a7cb6) Importer(815301076,1909f56bfc062723c751e8b465ee728b)
Start importing Assets/PolygonBattleRoyale/Models/SM_Chr_Attach_Beard_06.fbx using Guid(fa2376092f8167246a26214ab80a7cb6) Importer(815301076,1909f56bfc062723c751e8b465ee728b)  -> (artifact id: 'dfd1e874701aa2736a6f7a3a5a7840fc') in 0.019754 seconds
Number of updated asset objects reloaded before import = 0
Number of asset objects unloaded after import = 7
========================================================================
Received Import Request.
  Time since last request: 0.000661 seconds.
  path: Assets/PolygonBattleRoyale/Models/SM_Bld_Tent_02.fbx
  artifactKey: Guid(76e2fdbfa4117ce4cb9f82f2a0df4926) Importer(815301076,1909f56bfc062723c751e8b465ee728b)
Start importing Assets/PolygonBattleRoyale/Models/SM_Bld_Tent_02.fbx using Guid(76e2fdbfa4117ce4cb9f82f2a0df4926) Importer(815301076,1909f56bfc062723c751e8b465ee728b)  -> (artifact id: '42b7d4d59538b1a7b75eea8abda9603f') in 0.014531 seconds
Number of updated asset objects reloaded before import = 0
Number of asset objects unloaded after import = 7
========================================================================
Received Import Request.
  Time since last request: 0.000761 seconds.
  path: Assets/PolygonBattleRoyale/Models/SM_Chr_Attach_Hat_Cupcake_01.fbx
  artifactKey: Guid(0c59f781bb19d72449c27a86489a704f) Importer(815301076,1909f56bfc062723c751e8b465ee728b)
Start importing Assets/PolygonBattleRoyale/Models/SM_Chr_Attach_Hat_Cupcake_01.fbx using Guid(0c59f781bb19d72449c27a86489a704f) Importer(815301076,1909f56bfc062723c751e8b465ee728b)  -> (artifact id: 'a49a0f24c8fb2f82fde4c10ee6cddff9') in 0.019311 seconds
Number of updated asset objects reloaded before import = 0
Number of asset objects unloaded after import = 7
========================================================================
Received Import Request.
  Time since last request: 0.000556 seconds.
  path: Assets/PolygonBattleRoyale/Models
  artifactKey: Guid(030b6a81bb4258b44b8e96f58b709c25) Importer(815301076,1909f56bfc062723c751e8b465ee728b)
Start importing Assets/PolygonBattleRoyale/Models using Guid(030b6a81bb4258b44b8e96f58b709c25) Importer(815301076,1909f56bfc062723c751e8b465ee728b)  -> (artifact id: '4958012976b41c5b8fe3169e3775b7b0') in 0.001198 seconds
Number of updated asset objects reloaded before import = 0
Number of asset objects unloaded after import = 0
========================================================================
Received Import Request.
  Time since last request: 0.000990 seconds.
  path: Assets/PolygonBattleRoyale/Models/SM_Bld_House_Glass_01.fbx
  artifactKey: Guid(0fc6608da52f10540aec9c0c903dd15d) Importer(815301076,1909f56bfc062723c751e8b465ee728b)
Start importing Assets/PolygonBattleRoyale/Models/SM_Bld_House_Glass_01.fbx using Guid(0fc6608da52f10540aec9c0c903dd15d) Importer(815301076,1909f56bfc062723c751e8b465ee728b)  -> (artifact id: 'fdd402d33b228b2b58684211c74b9a81') in 0.013812 seconds
Number of updated asset objects reloaded before import = 0
Number of asset objects unloaded after import = 7
========================================================================
Received Import Request.
  Time since last request: 0.000834 seconds.
  path: Assets/PolygonBattleRoyale/Models/SM_Chr_Attach_Glasses_01.fbx
  artifactKey: Guid(cdbdf703bdb42624e923c7e4c62c5ea8) Importer(815301076,1909f56bfc062723c751e8b465ee728b)
Start importing Assets/PolygonBattleRoyale/Models/SM_Chr_Attach_Glasses_01.fbx using Guid(cdbdf703bdb42624e923c7e4c62c5ea8) Importer(815301076,1909f56bfc062723c751e8b465ee728b)  -> (artifact id: 'a6f6a710acdb1b3c53957267df0e2304') in 0.015300 seconds
Number of updated asset objects reloaded before import = 0
Number of asset objects unloaded after import = 7
========================================================================
Received Import Request.
  Time since last request: 0.001241 seconds.
  path: Assets/PolygonBattleRoyale/Models/SM_Chr_Attach_Female_Default_Hair_01.fbx
  artifactKey: Guid(3f7f8a30312aff2499b31478228dac7c) Importer(815301076,1909f56bfc062723c751e8b465ee728b)
Start importing Assets/PolygonBattleRoyale/Models/SM_Chr_Attach_Female_Default_Hair_01.fbx using Guid(3f7f8a30312aff2499b31478228dac7c) Importer(815301076,1909f56bfc062723c751e8b465ee728b)  -> (artifact id: 'c89758cc7a7fd6f3e6936c19c545e290') in 0.014608 seconds
Number of updated asset objects reloaded before import = 0
Number of asset objects unloaded after import = 7
========================================================================
Received Import Request.
  Time since last request: 0.001154 seconds.
  path: Assets/PolygonBattleRoyale/Models/SM_Bld_Window_Bars_01.fbx
  artifactKey: Guid(3bf7a8c4c120f584f8a5ca9ffc412f5a) Importer(815301076,1909f56bfc062723c751e8b465ee728b)
Start importing Assets/PolygonBattleRoyale/Models/SM_Bld_Window_Bars_01.fbx using Guid(3bf7a8c4c120f584f8a5ca9ffc412f5a) Importer(815301076,1909f56bfc062723c751e8b465ee728b)  -> (artifact id: 'b0a107c6a6b3305ef7f6d5f1bc87f733') in 0.014361 seconds
Number of updated asset objects reloaded before import = 0
Number of asset objects unloaded after import = 7
========================================================================
Received Import Request.
  Time since last request: 0.001064 seconds.
  path: Assets/PolygonBattleRoyale/Models/SM_Chr_Attach_Beard_03.fbx
  artifactKey: Guid(c1ba765bc77a9ff4ca089845ab41bb9e) Importer(815301076,1909f56bfc062723c751e8b465ee728b)
Start importing Assets/PolygonBattleRoyale/Models/SM_Chr_Attach_Beard_03.fbx using Guid(c1ba765bc77a9ff4ca089845ab41bb9e) Importer(815301076,1909f56bfc062723c751e8b465ee728b)  -> (artifact id: '92482bd266e130891fa6bf7542887d8d') in 0.013135 seconds
Number of updated asset objects reloaded before import = 0
Number of asset objects unloaded after import = 7
