Using pre-set license
Built from '2022.3/staging' branch; Version is '2022.3.11f1 (d00248457e15) revision 13632072'; Using compiler version '192829333'; Build Type 'Release'
OS: 'Windows 11  (10.0.22631) 64bit CoreSingleLanguage' Language: 'es' Physical Memory: 15731 MB
BatchMode: 1, IsHumanControllingUs: 0, StartBugReporterOnCrash: 0, Is64bit: 1, IsPro: 1

COMMAND LINE ARGUMENTS:
C:\Program Files\Unity\Hub\Editor\2022.3.11f1\Editor\Unity.exe
-adb2
-batchMode
-noUpm
-name
AssetImportWorker0
-projectPath
C:/Users/fredd/Documents/NetBots/BotNet
-logFile
Logs/AssetImportWorker0.log
-srvPort
50702
Successfully changed project path to: C:/Users/fredd/Documents/NetBots/BotNet
C:/Users/fredd/Documents/NetBots/BotNet
[UnityMemory] Configuration Parameters - Can be set up in boot.config
    "memorysetup-bucket-allocator-granularity=16"
    "memorysetup-bucket-allocator-bucket-count=8"
    "memorysetup-bucket-allocator-block-size=33554432"
    "memorysetup-bucket-allocator-block-count=8"
    "memorysetup-main-allocator-block-size=16777216"
    "memorysetup-thread-allocator-block-size=16777216"
    "memorysetup-gfx-main-allocator-block-size=16777216"
    "memorysetup-gfx-thread-allocator-block-size=16777216"
    "memorysetup-cache-allocator-block-size=4194304"
    "memorysetup-typetree-allocator-block-size=2097152"
    "memorysetup-profiler-bucket-allocator-granularity=16"
    "memorysetup-profiler-bucket-allocator-bucket-count=8"
    "memorysetup-profiler-bucket-allocator-block-size=33554432"
    "memorysetup-profiler-bucket-allocator-block-count=8"
    "memorysetup-profiler-allocator-block-size=16777216"
    "memorysetup-profiler-editor-allocator-block-size=1048576"
    "memorysetup-temp-allocator-size-main=16777216"
    "memorysetup-job-temp-allocator-block-size=2097152"
    "memorysetup-job-temp-allocator-block-size-background=1048576"
    "memorysetup-job-temp-allocator-reduction-small-platforms=262144"
    "memorysetup-allocator-temp-initial-block-size-main=262144"
    "memorysetup-allocator-temp-initial-block-size-worker=262144"
    "memorysetup-temp-allocator-size-background-worker=32768"
    "memorysetup-temp-allocator-size-job-worker=262144"
    "memorysetup-temp-allocator-size-preload-manager=33554432"
    "memorysetup-temp-allocator-size-nav-mesh-worker=65536"
    "memorysetup-temp-allocator-size-audio-worker=65536"
    "memorysetup-temp-allocator-size-cloud-worker=32768"
    "memorysetup-temp-allocator-size-gi-baking-worker=262144"
    "memorysetup-temp-allocator-size-gfx=262144"
Player connection [13932] Host "[IP] 192.168.1.6 [Port] 0 [Flags] 2 [Guid] 687169737 [EditorId] 687169737 [Version] 1048832 [Id] WindowsEditor(7,Fred_PC) [Debug] 1 [PackageName] WindowsEditor [ProjectName] Editor" joined multi-casting on [225.0.0.222:54997]...

Player connection [13932] Host "[IP] 192.168.1.6 [Port] 0 [Flags] 2 [Guid] 687169737 [EditorId] 687169737 [Version] 1048832 [Id] WindowsEditor(7,Fred_PC) [Debug] 1 [PackageName] WindowsEditor [ProjectName] Editor" joined alternative multi-casting on [225.0.0.222:34997]...

[Physics::Module] Initialized MultithreadedJobDispatcher with 11 workers.
Refreshing native plugins compatible for Editor in 46.81 ms, found 3 plugins.
Preloading 0 native plugins for Editor in 0.00 ms.
Initialize engine version: 2022.3.11f1 (d00248457e15)
[Subsystems] Discovering subsystems at path C:/Program Files/Unity/Hub/Editor/2022.3.11f1/Editor/Data/Resources/UnitySubsystems
[Subsystems] Discovering subsystems at path C:/Users/fredd/Documents/NetBots/BotNet/Assets
GfxDevice: creating device client; threaded=0; jobified=0
Direct3D:
    Version:  Direct3D 11.0 [level 11.1]
    Renderer: NVIDIA GeForce GTX 1650 Ti (ID=0x1f95)
    Vendor:   NVIDIA
    VRAM:     3935 MB
    Driver:   32.0.15.5599
Initialize mono
Mono path[0] = 'C:/Program Files/Unity/Hub/Editor/2022.3.11f1/Editor/Data/Managed'
Mono path[1] = 'C:/Program Files/Unity/Hub/Editor/2022.3.11f1/Editor/Data/MonoBleedingEdge/lib/mono/unityjit-win32'
Mono config path = 'C:/Program Files/Unity/Hub/Editor/2022.3.11f1/Editor/Data/MonoBleedingEdge/etc'
Using monoOptions --debugger-agent=transport=dt_socket,embedding=1,server=y,suspend=n,address=127.0.0.1:56752
Begin MonoManager ReloadAssembly
Registering precompiled unity dll's ...
Register platform support module: C:/Program Files/Unity/Hub/Editor/2022.3.11f1/Editor/Data/PlaybackEngines/WebGLSupport/UnityEditor.WebGL.Extensions.dll
Register platform support module: C:/Program Files/Unity/Hub/Editor/2022.3.11f1/Editor/Data/PlaybackEngines/AndroidPlayer/UnityEditor.Android.Extensions.dll
Register platform support module: C:/Program Files/Unity/Hub/Editor/2022.3.11f1/Editor/Data/PlaybackEngines/iOSSupport/UnityEditor.iOS.Extensions.dll
Register platform support module: C:/Program Files/Unity/Hub/Editor/2022.3.11f1/Editor/Data/PlaybackEngines/WindowsStandaloneSupport/UnityEditor.WindowsStandalone.Extensions.dll
Registered in 0.091428 seconds.
- Loaded All Assemblies, in  0.837 seconds
Native extension for WindowsStandalone target not found
[usbmuxd] Start listen thread
[usbmuxd] Listen thread started
[usbmuxd] Send listen message
Native extension for iOS target not found
Native extension for Android target not found
InvalidOperationException: Cannot start process because a file name has not been provided.
  at System.Diagnostics.Process.Start () [0x00024] in <36d5d97f0e39429283d80156f1c7f1fc>:0 
  at (wrapper remoting-invoke-with-check) System.Diagnostics.Process.Start()
  at UnityEditor.Android.ProgramAsShellExecute.Start (System.Diagnostics.ProcessStartInfo psi) [0x0000e] in <d10267f7623440f4993bb84654a34a85>:0 
  at UnityEditor.Android.Command.RunWithShellExecute (System.String command, System.String args, System.String workingdir, System.String errorMsg) [0x0003e] in <d10267f7623440f4993bb84654a34a85>:0 
  at UnityEditor.Android.ADB.StartServer () [0x00013] in <d10267f7623440f4993bb84654a34a85>:0 
  at UnityEditor.Android.ADB.Run (System.String[] command, UnityEditor.Android.Command+WaitingForProcessToExit waitingForProcessToExit, System.String errorMsg) [0x0000b] in <d10267f7623440f4993bb84654a34a85>:0 
  at UnityEditor.Android.AndroidDeploymentTargetsExtension.GetKnownTargets (UnityEditor.DeploymentTargets.IDeploymentTargetsMainThreadContext context, UnityEditor.ProgressHandler progressHandler) [0x00284] in <d10267f7623440f4993bb84654a34a85>:0 
  at UnityEditor.Android.TargetScanWorker.ScanSync () [0x00039] in <d10267f7623440f4993bb84654a34a85>:0 
  at UnityEditor.Android.TargetExtension.OnUsbDevicesChanged (UnityEditor.Hardware.UsbDevice[] usbDevices) [0x00081] in <d10267f7623440f4993bb84654a34a85>:0 
  at UnityEditor.Android.TargetExtension.OnLoad () [0x000ad] in <d10267f7623440f4993bb84654a34a85>:0 
  at UnityEditor.Modules.ModuleManager.InitializePlatformSupportModules () [0x0009d] in <9920ff0c944845d7b9f9a61ef1478edc>:0 

Mono: successfully reloaded assembly
- Finished resetting the current domain, in  0.565 seconds
Domain Reload Profiling: 1390ms
	BeginReloadAssembly (277ms)
		ExecutionOrderSort (0ms)
		DisableScriptedObjects (0ms)
		BackupInstance (0ms)
		ReleaseScriptingObjects (0ms)
		CreateAndSetChildDomain (1ms)
	RebuildCommonClasses (59ms)
	RebuildNativeTypeToScriptingClass (14ms)
	initialDomainReloadingComplete (208ms)
	LoadAllAssembliesAndSetupDomain (266ms)
		LoadAssemblies (269ms)
		RebuildTransferFunctionScriptingTraits (0ms)
		AnalyzeDomain (257ms)
			TypeCache.Refresh (255ms)
				TypeCache.ScanAssembly (236ms)
			ScanForSourceGeneratedMonoScriptInfo (0ms)
			ResolveRequiredComponents (1ms)
	FinalizeReload (565ms)
		ReleaseScriptCaches (0ms)
		RebuildScriptCaches (0ms)
		SetupLoadedEditorAssemblies (472ms)
			LogAssemblyErrors (0ms)
			InitializePlatformSupportModulesInManaged (237ms)
			SetLoadedEditorAssemblies (7ms)
			RefreshPlugins (0ms)
			BeforeProcessingInitializeOnLoad (3ms)
			ProcessInitializeOnLoadAttributes (154ms)
			ProcessInitializeOnLoadMethodAttributes (70ms)
			AfterProcessingInitializeOnLoad (0ms)
			EditorAssembliesLoaded (0ms)
		ExecutionOrderSort2 (0ms)
		AwakeInstancesAfterBackupRestoration (0ms)
========================================================================
Worker process is ready to serve import requests
Begin MonoManager ReloadAssembly
- Loaded All Assemblies, in  1.571 seconds
Refreshing native plugins compatible for Editor in 15.50 ms, found 3 plugins.
Native extension for WindowsStandalone target not found
Native extension for iOS target not found
Native extension for Android target not found
Native extension for WebGL target not found
Package Manager log level set to [2]
[Package Manager] Server::EnsureServerProcessIsRunning -- launch failed, reason: Unity was launched with the -noUpm command-line argument
[Package Manager] UpmClient::Send -- Unable to send message (not connected to UPM process).
[Package Manager] Cannot connect to Unity Package Manager local server
Mono: successfully reloaded assembly
- Finished resetting the current domain, in  1.247 seconds
Domain Reload Profiling: 2797ms
	BeginReloadAssembly (344ms)
		ExecutionOrderSort (0ms)
		DisableScriptedObjects (7ms)
		BackupInstance (0ms)
		ReleaseScriptingObjects (0ms)
		CreateAndSetChildDomain (32ms)
	RebuildCommonClasses (62ms)
	RebuildNativeTypeToScriptingClass (14ms)
	initialDomainReloadingComplete (102ms)
	LoadAllAssembliesAndSetupDomain (1025ms)
		LoadAssemblies (982ms)
		RebuildTransferFunctionScriptingTraits (0ms)
		AnalyzeDomain (288ms)
			TypeCache.Refresh (259ms)
				TypeCache.ScanAssembly (234ms)
			ScanForSourceGeneratedMonoScriptInfo (22ms)
			ResolveRequiredComponents (5ms)
	FinalizeReload (1249ms)
		ReleaseScriptCaches (0ms)
		RebuildScriptCaches (0ms)
		SetupLoadedEditorAssemblies (993ms)
			LogAssemblyErrors (0ms)
			InitializePlatformSupportModulesInManaged (130ms)
			SetLoadedEditorAssemblies (10ms)
			RefreshPlugins (0ms)
			BeforeProcessingInitializeOnLoad (220ms)
			ProcessInitializeOnLoadAttributes (557ms)
			ProcessInitializeOnLoadMethodAttributes (29ms)
			AfterProcessingInitializeOnLoad (48ms)
			EditorAssembliesLoaded (0ms)
		ExecutionOrderSort2 (0ms)
		AwakeInstancesAfterBackupRestoration (14ms)
Launched and connected shader compiler UnityShaderCompiler.exe after 0.06 seconds
Refreshing native plugins compatible for Editor in 38.60 ms, found 3 plugins.
Preloading 0 native plugins for Editor in 0.00 ms.
Unloading 3263 Unused Serialized files (Serialized files now loaded: 0)
Unloading 39 unused Assets / (0.8 MB). Loaded Objects now: 3744.
Memory consumption went from 156.1 MB to 155.3 MB.
Total: 6.812200 ms (FindLiveObjects: 0.536600 ms CreateObjectMapping: 0.320600 ms MarkObjects: 5.290400 ms  DeleteObjects: 0.662300 ms)

AssetImportParameters requested are different than current active one (requested -> active):
  custom:container-demuxer-ogg: 62fdf1f143b41e24485cea50d1cbac27 -> 
  custom:video-codec-MediaFoundation-h265: 746d11721c4dcdbdad8f713fa42b33f4 -> 
  custom:video-decoder-ogg-theora: a1e56fd34408186e4bbccfd4996cb3dc -> 
  custom:framework-win-MediaFoundation: 216162199b28c13a410421893ffa2e32 -> 
  custom:container-demuxer-webm: 4f35f7cbe854078d1ac9338744f61a02 -> 
  custom:container-muxer-webm: aa71ff27fc2769a1b78a27578f13a17b -> 
  custom:video-decoder-webm-vp8: 9c59270c3fd7afecdb556c50c9e8de78 -> 
  custom:AudioImporter_EditorPlatform: d09bf68614088b80899f8185d706f6e7 -> 
  custom:video-encoder-webm-vp8: eb34c28f22e8b96e1ab97ce403110664 -> 
  custom:audio-decoder-ogg-vorbis: bf7c407c2cedff20999df2af8eb42d56 -> 
  custom:audio-encoder-webm-vorbis: bf7c407c2cedff20999df2af8eb42d56 -> 
========================================================================
Received Prepare
Refreshing native plugins compatible for Editor in 24.98 ms, found 3 plugins.
Preloading 0 native plugins for Editor in 0.00 ms.
Unloading 5 Unused Serialized files (Serialized files now loaded: 0)
Unloading 8 unused Assets / (0.8 MB). Loaded Objects now: 3744.
Memory consumption went from 97.1 MB to 96.3 MB.
Total: 5.133600 ms (FindLiveObjects: 0.495500 ms CreateObjectMapping: 0.361500 ms MarkObjects: 3.939900 ms  DeleteObjects: 0.334400 ms)

Prepare: number of updated asset objects reloaded= 0
AssetImportParameters requested are different than current active one (requested -> active):
  custom:container-demuxer-ogg: 62fdf1f143b41e24485cea50d1cbac27 -> 
  custom:video-codec-MediaFoundation-h265: 746d11721c4dcdbdad8f713fa42b33f4 -> 
  custom:video-decoder-ogg-theora: a1e56fd34408186e4bbccfd4996cb3dc -> 
  custom:framework-win-MediaFoundation: 216162199b28c13a410421893ffa2e32 -> 
  custom:CustomObjectIndexerAttribute: 756ad292c208cfabdd7b50bc23989ffe -> 
  custom:container-demuxer-webm: 4f35f7cbe854078d1ac9338744f61a02 -> 
  custom:container-muxer-webm: aa71ff27fc2769a1b78a27578f13a17b -> 
  custom:video-decoder-webm-vp8: 9c59270c3fd7afecdb556c50c9e8de78 -> 
  custom:SearchIndexIgnoredProperties: e643bd26f0fe6173181afceb89e7c659 -> 
  custom:AudioImporter_EditorPlatform: d09bf68614088b80899f8185d706f6e7 -> 
  custom:video-encoder-webm-vp8: eb34c28f22e8b96e1ab97ce403110664 -> 
  custom:audio-decoder-ogg-vorbis: bf7c407c2cedff20999df2af8eb42d56 -> 
  custom:audio-encoder-webm-vorbis: bf7c407c2cedff20999df2af8eb42d56 -> 
========================================================================
Received Import Request.
  Time since last request: 40842.938300 seconds.
  path: Assets/PolygonBattleRoyale
  artifactKey: Guid(aee8d09a63ef2c3429a58e3664825ac3) Importer(815301076,1909f56bfc062723c751e8b465ee728b)
Start importing Assets/PolygonBattleRoyale using Guid(aee8d09a63ef2c3429a58e3664825ac3) Importer(815301076,1909f56bfc062723c751e8b465ee728b)  -> (artifact id: '6d2b3575c7160bc7dd3b6bcd6b438460') in 0.007247 seconds
Number of updated asset objects reloaded before import = 0
Number of asset objects unloaded after import = 0
========================================================================
Received Import Request.
  Time since last request: 3.116638 seconds.
  path: Assets/PolygonBattleRoyale/Models/DamageZone.fbx
  artifactKey: Guid(f6fc603ff7134df4aae6e87dabbf2d0b) Importer(815301076,1909f56bfc062723c751e8b465ee728b)
Start importing Assets/PolygonBattleRoyale/Models/DamageZone.fbx using Guid(f6fc603ff7134df4aae6e87dabbf2d0b) Importer(815301076,1909f56bfc062723c751e8b465ee728b)  -> (artifact id: '61f6a72a10aceff0d5f0509e71641f30') in 0.154800 seconds
Number of updated asset objects reloaded before import = 0
Number of asset objects unloaded after import = 7
========================================================================
Received Import Request.
  Time since last request: 0.000043 seconds.
  path: Assets/PolygonBattleRoyale/Models/SM_Char_Attach_Bag_Lvl2.fbx
  artifactKey: Guid(f8033a124f820234384223a33191f9f0) Importer(815301076,1909f56bfc062723c751e8b465ee728b)
Start importing Assets/PolygonBattleRoyale/Models/SM_Char_Attach_Bag_Lvl2.fbx using Guid(f8033a124f820234384223a33191f9f0) Importer(815301076,1909f56bfc062723c751e8b465ee728b)  -> (artifact id: '9e6924327f7403c51cc304b47017b067') in 0.018156 seconds
Number of updated asset objects reloaded before import = 0
Number of asset objects unloaded after import = 7
========================================================================
Received Import Request.
  Time since last request: 0.000816 seconds.
  path: Assets/PolygonBattleRoyale/Models/SM_Chr_Attach_Hat_Cowboy_01.fbx
  artifactKey: Guid(593e2d822395bb7468fb257c72b344fe) Importer(815301076,1909f56bfc062723c751e8b465ee728b)
Start importing Assets/PolygonBattleRoyale/Models/SM_Chr_Attach_Hat_Cowboy_01.fbx using Guid(593e2d822395bb7468fb257c72b344fe) Importer(815301076,1909f56bfc062723c751e8b465ee728b)  -> (artifact id: '4cb04c7a194d5f64956d46e4e259d64b') in 0.017513 seconds
Number of updated asset objects reloaded before import = 0
Number of asset objects unloaded after import = 7
========================================================================
Received Import Request.
  Time since last request: 0.000949 seconds.
  path: Assets/PolygonBattleRoyale/Models/SM_Chr_Attach_Female_Hair_01.fbx
  artifactKey: Guid(133222c51963f9045b5b5eb42f866d80) Importer(815301076,1909f56bfc062723c751e8b465ee728b)
Start importing Assets/PolygonBattleRoyale/Models/SM_Chr_Attach_Female_Hair_01.fbx using Guid(133222c51963f9045b5b5eb42f866d80) Importer(815301076,1909f56bfc062723c751e8b465ee728b)  -> (artifact id: '070008400805c9ab494d99fc8f565cd6') in 0.020280 seconds
Number of updated asset objects reloaded before import = 0
Number of asset objects unloaded after import = 7
========================================================================
Received Import Request.
  Time since last request: 0.000676 seconds.
  path: Assets/PolygonBattleRoyale/Models/SM_Bld_Warehouse_01.fbx
  artifactKey: Guid(4be346e3f7710eb43a6c627c8d07903f) Importer(815301076,1909f56bfc062723c751e8b465ee728b)
Start importing Assets/PolygonBattleRoyale/Models/SM_Bld_Warehouse_01.fbx using Guid(4be346e3f7710eb43a6c627c8d07903f) Importer(815301076,1909f56bfc062723c751e8b465ee728b)  -> (artifact id: 'c51fa3ea3377f0f190dfc17a88039e74') in 0.015987 seconds
Number of updated asset objects reloaded before import = 0
Number of asset objects unloaded after import = 7
========================================================================
Received Import Request.
  Time since last request: 0.000669 seconds.
  path: Assets/PolygonBattleRoyale/Models/SM_Chr_Attach_Hat_Beer_01.fbx
  artifactKey: Guid(21d22835c7dee9448894854b5ab4ba3e) Importer(815301076,1909f56bfc062723c751e8b465ee728b)
Start importing Assets/PolygonBattleRoyale/Models/SM_Chr_Attach_Hat_Beer_01.fbx using Guid(21d22835c7dee9448894854b5ab4ba3e) Importer(815301076,1909f56bfc062723c751e8b465ee728b)  -> (artifact id: 'c07d502034f704f6cf790d4ded1e21ba') in 0.015570 seconds
Number of updated asset objects reloaded before import = 0
Number of asset objects unloaded after import = 7
========================================================================
Received Import Request.
  Time since last request: 0.000644 seconds.
  path: Assets/PolygonBattleRoyale/Models/SM_Bld_House_03.fbx
  artifactKey: Guid(2398a3fac2efa174997ec25cedd97fc3) Importer(815301076,1909f56bfc062723c751e8b465ee728b)
Start importing Assets/PolygonBattleRoyale/Models/SM_Bld_House_03.fbx using Guid(2398a3fac2efa174997ec25cedd97fc3) Importer(815301076,1909f56bfc062723c751e8b465ee728b)  -> (artifact id: 'c86f774541839cacc064cbf8d75f3809') in 0.057852 seconds
Number of updated asset objects reloaded before import = 0
Number of asset objects unloaded after import = 27
========================================================================
Received Import Request.
  Time since last request: 0.000674 seconds.
  path: Assets/PolygonBattleRoyale/Models/SM_Bld_House_01.fbx
  artifactKey: Guid(43ddaab132724d84da05417edb4be053) Importer(815301076,1909f56bfc062723c751e8b465ee728b)
Start importing Assets/PolygonBattleRoyale/Models/SM_Bld_House_01.fbx using Guid(43ddaab132724d84da05417edb4be053) Importer(815301076,1909f56bfc062723c751e8b465ee728b)  -> (artifact id: '56a69431f2c1b3a0786e50ebabe236da') in 0.055020 seconds
Number of updated asset objects reloaded before import = 0
Number of asset objects unloaded after import = 27
========================================================================
Received Import Request.
  Time since last request: 0.000728 seconds.
  path: Assets/PolygonBattleRoyale/Models/SM_Char_Attach_Bag_Lvl3.fbx
  artifactKey: Guid(ffa1002ad511e7c478b01c4ef10df2a2) Importer(815301076,1909f56bfc062723c751e8b465ee728b)
Start importing Assets/PolygonBattleRoyale/Models/SM_Char_Attach_Bag_Lvl3.fbx using Guid(ffa1002ad511e7c478b01c4ef10df2a2) Importer(815301076,1909f56bfc062723c751e8b465ee728b)  -> (artifact id: '863d38a9804e7fae0f84e69d246682c9') in 0.016668 seconds
Number of updated asset objects reloaded before import = 0
Number of asset objects unloaded after import = 7
========================================================================
Received Import Request.
  Time since last request: 0.000749 seconds.
  path: Assets/PolygonBattleRoyale/Models/SM_Chr_Attach_Hat_Bunny_01.fbx
  artifactKey: Guid(d3176bc2153ccb24b8585744a6267574) Importer(815301076,1909f56bfc062723c751e8b465ee728b)
Start importing Assets/PolygonBattleRoyale/Models/SM_Chr_Attach_Hat_Bunny_01.fbx using Guid(d3176bc2153ccb24b8585744a6267574) Importer(815301076,1909f56bfc062723c751e8b465ee728b)  -> (artifact id: '23c7f94f5b8ac02553fb15057d016299') in 0.015347 seconds
Number of updated asset objects reloaded before import = 0
Number of asset objects unloaded after import = 7
========================================================================
Received Import Request.
  Time since last request: 0.000925 seconds.
  path: Assets/PolygonBattleRoyale/Models/SM_Bld_SmallBuilding_02.fbx
  artifactKey: Guid(55f4384a17f522548bd5a0ede744d387) Importer(815301076,1909f56bfc062723c751e8b465ee728b)
Start importing Assets/PolygonBattleRoyale/Models/SM_Bld_SmallBuilding_02.fbx using Guid(55f4384a17f522548bd5a0ede744d387) Importer(815301076,1909f56bfc062723c751e8b465ee728b)  -> (artifact id: '63e69ce67db7b5a051350adad74f935d') in 0.035390 seconds
Number of updated asset objects reloaded before import = 0
Number of asset objects unloaded after import = 17
========================================================================
Received Import Request.
  Time since last request: 0.000537 seconds.
  path: Assets/PolygonBattleRoyale/Models/SM_Chr_Attach_Hat_Crown_01.fbx
  artifactKey: Guid(297777aaa5dd5f040a99e3be88c304c7) Importer(815301076,1909f56bfc062723c751e8b465ee728b)
Start importing Assets/PolygonBattleRoyale/Models/SM_Chr_Attach_Hat_Crown_01.fbx using Guid(297777aaa5dd5f040a99e3be88c304c7) Importer(815301076,1909f56bfc062723c751e8b465ee728b)  -> (artifact id: '69f8d220cd5eb86b5b6965eae9b864b6') in 0.017526 seconds
Number of updated asset objects reloaded before import = 0
Number of asset objects unloaded after import = 7
========================================================================
Received Import Request.
  Time since last request: 0.000675 seconds.
  path: Assets/PolygonBattleRoyale/Models/SM_Char_Attach_Bag_Lvl1.fbx
  artifactKey: Guid(962d5455d32327449b124c2b63d0ff03) Importer(815301076,1909f56bfc062723c751e8b465ee728b)
Start importing Assets/PolygonBattleRoyale/Models/SM_Char_Attach_Bag_Lvl1.fbx using Guid(962d5455d32327449b124c2b63d0ff03) Importer(815301076,1909f56bfc062723c751e8b465ee728b)  -> (artifact id: 'bec851afacf57c047b5eae46c9037fac') in 0.019278 seconds
Number of updated asset objects reloaded before import = 0
Number of asset objects unloaded after import = 7
========================================================================
Received Import Request.
  Time since last request: 0.000631 seconds.
  path: Assets/PolygonBattleRoyale/Models/SM_Bld_Tent_01.fbx
  artifactKey: Guid(66e60ed452560eb41b70ea400c7a577b) Importer(815301076,1909f56bfc062723c751e8b465ee728b)
Start importing Assets/PolygonBattleRoyale/Models/SM_Bld_Tent_01.fbx using Guid(66e60ed452560eb41b70ea400c7a577b) Importer(815301076,1909f56bfc062723c751e8b465ee728b)  -> (artifact id: 'fea517b38091794559dac96ca214d778') in 0.015454 seconds
Number of updated asset objects reloaded before import = 0
Number of asset objects unloaded after import = 7
========================================================================
Received Import Request.
  Time since last request: 0.000831 seconds.
  path: Assets/PolygonBattleRoyale/Models/SM_Chr_Attach_Beard_04.fbx
  artifactKey: Guid(843f9616e5b242045a733017160aff46) Importer(815301076,1909f56bfc062723c751e8b465ee728b)
Start importing Assets/PolygonBattleRoyale/Models/SM_Chr_Attach_Beard_04.fbx using Guid(843f9616e5b242045a733017160aff46) Importer(815301076,1909f56bfc062723c751e8b465ee728b)  -> (artifact id: '8f6c21f55c8de255e38cf4ca275785a4') in 0.017982 seconds
Number of updated asset objects reloaded before import = 0
Number of asset objects unloaded after import = 7
========================================================================
Received Import Request.
  Time since last request: 0.000890 seconds.
  path: Assets/PolygonBattleRoyale/Models/SM_Chr_Attach_Beard_05.fbx
  artifactKey: Guid(afdbbcb3f47e88f4ba779314c83d523f) Importer(815301076,1909f56bfc062723c751e8b465ee728b)
Start importing Assets/PolygonBattleRoyale/Models/SM_Chr_Attach_Beard_05.fbx using Guid(afdbbcb3f47e88f4ba779314c83d523f) Importer(815301076,1909f56bfc062723c751e8b465ee728b)  -> (artifact id: '7781825e9eb293c34a53d626c24c94b5') in 0.027533 seconds
Number of updated asset objects reloaded before import = 0
Number of asset objects unloaded after import = 7
========================================================================
Received Import Request.
  Time since last request: 0.000739 seconds.
  path: Assets/PolygonBattleRoyale/Models/SM_Bld_SmallBuilding_01.fbx
  artifactKey: Guid(1c14ac8aeaf77914b8d82523ae153a4d) Importer(815301076,1909f56bfc062723c751e8b465ee728b)
Start importing Assets/PolygonBattleRoyale/Models/SM_Bld_SmallBuilding_01.fbx using Guid(1c14ac8aeaf77914b8d82523ae153a4d) Importer(815301076,1909f56bfc062723c751e8b465ee728b)  -> (artifact id: '407df5603993152318bc5203305140cf') in 0.038707 seconds
Number of updated asset objects reloaded before import = 0
Number of asset objects unloaded after import = 17
========================================================================
Received Import Request.
  Time since last request: 0.000676 seconds.
  path: Assets/PolygonBattleRoyale/Models/SM_Chr_Attach_Facemask_01.fbx
  artifactKey: Guid(cf4b0448ec04ca5408786bf4f6cd0926) Importer(815301076,1909f56bfc062723c751e8b465ee728b)
Start importing Assets/PolygonBattleRoyale/Models/SM_Chr_Attach_Facemask_01.fbx using Guid(cf4b0448ec04ca5408786bf4f6cd0926) Importer(815301076,1909f56bfc062723c751e8b465ee728b)  -> (artifact id: 'b35b0a16187e6ad5e22e983c9d7a821b') in 0.015689 seconds
Number of updated asset objects reloaded before import = 0
Number of asset objects unloaded after import = 7
========================================================================
Received Import Request.
  Time since last request: 0.000791 seconds.
  path: Assets/PolygonBattleRoyale/Models/SM_Chr_Attach_Ammo_01.fbx
  artifactKey: Guid(43b77ffcfe5bb2e4cb7c89bbfb8fa4ee) Importer(815301076,1909f56bfc062723c751e8b465ee728b)
Start importing Assets/PolygonBattleRoyale/Models/SM_Chr_Attach_Ammo_01.fbx using Guid(43b77ffcfe5bb2e4cb7c89bbfb8fa4ee) Importer(815301076,1909f56bfc062723c751e8b465ee728b)  -> (artifact id: '8a0af39df10215fc721f5327941caebb') in 0.014707 seconds
Number of updated asset objects reloaded before import = 0
Number of asset objects unloaded after import = 7
========================================================================
Received Import Request.
  Time since last request: 0.000612 seconds.
  path: Assets/PolygonBattleRoyale/Models/SM_Chr_Attach_Eyepatch_01.fbx
  artifactKey: Guid(1eb961c9ebf78cd45b27d556a5964cb3) Importer(815301076,1909f56bfc062723c751e8b465ee728b)
Start importing Assets/PolygonBattleRoyale/Models/SM_Chr_Attach_Eyepatch_01.fbx using Guid(1eb961c9ebf78cd45b27d556a5964cb3) Importer(815301076,1909f56bfc062723c751e8b465ee728b)  -> (artifact id: '32b754707adadd40cfdf792aaddc8326') in 0.014582 seconds
Number of updated asset objects reloaded before import = 0
Number of asset objects unloaded after import = 7
========================================================================
Received Import Request.
  Time since last request: 0.000832 seconds.
  path: Assets/PolygonBattleRoyale/Models/SM_Chr_Attach_Female_01.fbx
  artifactKey: Guid(46317a2bb8c9f2040a7e3baab4720a6f) Importer(815301076,1909f56bfc062723c751e8b465ee728b)
Start importing Assets/PolygonBattleRoyale/Models/SM_Chr_Attach_Female_01.fbx using Guid(46317a2bb8c9f2040a7e3baab4720a6f) Importer(815301076,1909f56bfc062723c751e8b465ee728b)  -> (artifact id: '7300b17a5717d29476c8bef617d3e592') in 0.015009 seconds
Number of updated asset objects reloaded before import = 0
Number of asset objects unloaded after import = 7
